<?xml version="1.0" encoding="utf-8" standalone="no"?>
<test-results xmlns:xsi="http://www.w3.org/2001/XMLSchema-instance" xsi:noNamespaceSchemaLocation="nunit_schema_2.5.xsd" name="Pester" total="4" errors="0" failures="4" not-run="0" inconclusive="0" ignored="0" skipped="0" invalid="0" date="2025-01-14" time="02:44:17">
  <environment clr-version="8.0.10" user-domain="fv-az1115-249" nunit-version="2.5.8.0" platform="Microsoft Windows Server 2022 Datacenter|C:\Windows|\Device\Harddisk0\Partition2" os-version="10.0.20348" machine-name="fv-az1115-249" user="runneradmin" cwd="D:\a\Automation-For-Issue-Resolutions-Project\Automation-For-Issue-Resolutions-Project" />
  <culture-info current-culture="en-US" current-uiculture="en-US" />
  <test-suite type="TestFixture" name="Pester" executed="True" result="Failure" success="False" time="1.0966" asserts="0" description="Pester">
    <results>
      <test-suite type="TestFixture" name="D:\a\Automation-For-Issue-Resolutions-Project\Automation-For-Issue-Resolutions-Project\UnitTests\module.Tests.ps1" executed="True" result="Failure" success="False" time="1.0966" asserts="0" description="D:\a\Automation-For-Issue-Resolutions-Project\Automation-For-Issue-Resolutions-Project\UnitTests\module.Tests.ps1">
        <results>
          <test-suite type="TestFixture" name="Write-Message" executed="True" result="Failure" success="False" time="0.4337" asserts="0" description="Write-Message">
            <results>
              <test-case description="Creates the temp directory if it does not exist" name="Write-Message.Creates the temp directory if it does not exist" time="0.1584" asserts="0" success="False" result="Failure" executed="True">
                <failure>
                  <message>CommandNotFoundException: The term 'Write-Message' is not recognized as a name of a cmdlet, function, script file, or executable program.
Check the spelling of the name, or if a path was included, verify that the path is correct and try again.</message>
                  <stack-trace>at &lt;ScriptBlock&gt;, D:\a\Automation-For-Issue-Resolutions-Project\Automation-For-Issue-Resolutions-Project\UnitTests\module.Tests.ps1:18</stack-trace>
                </failure>
              </test-case>
              <test-case description="Writes the message to script_status.txt" name="Write-Message.Writes the message to script_status.txt" time="0.0721" asserts="0" success="False" result="Failure" executed="True">
                <failure>
                  <message>CommandNotFoundException: The term 'Write-Message' is not recognized as a name of a cmdlet, function, script file, or executable program.
Check the spelling of the name, or if a path was included, verify that the path is correct and try again.</message>
                  <stack-trace>at &lt;ScriptBlock&gt;, D:\a\Automation-For-Issue-Resolutions-Project\Automation-For-Issue-Resolutions-Project\UnitTests\module.Tests.ps1:28</stack-trace>
                </failure>
              </test-case>
            </results>
          </test-suite>
          <test-suite type="TestFixture" name="Test-ServerAvailability" executed="True" result="Failure" success="False" time="0.5213" asserts="0" description="Test-ServerAvailability">
            <results>
              <test-case description="Should return true for reachable servers" name="Test-ServerAvailability.Should return true for reachable servers" time="0.0355" asserts="0" success="False" result="Failure" executed="True">
                <failure>
                  <message>CommandNotFoundException: The term 'Test-ServerAvailability' is not recognized as a name of a cmdlet, function, script file, or executable program.
Check the spelling of the name, or if a path was included, verify that the path is correct and try again.</message>
                  <stack-trace>at &lt;ScriptBlock&gt;, D:\a\Automation-For-Issue-Resolutions-Project\Automation-For-Issue-Resolutions-Project\UnitTests\module.Tests.ps1:50</stack-trace>
                </failure>
              </test-case>
              <test-case description="Should return false for unreachable servers" name="Test-ServerAvailability.Should return false for unreachable servers" time="0.0359" asserts="0" success="False" result="Failure" executed="True">
                <failure>
                  <message>CommandNotFoundException: The term 'Test-ServerAvailability' is not recognized as a name of a cmdlet, function, script file, or executable program.
Check the spelling of the name, or if a path was included, verify that the path is correct and try again.</message>
                  <stack-trace>at &lt;ScriptBlock&gt;, D:\a\Automation-For-Issue-Resolutions-Project\Automation-For-Issue-Resolutions-Project\UnitTests\module.Tests.ps1:56</stack-trace>
                </failure>
              </test-case>
            </results>
          </test-suite>
        </results>
      </test-suite>
    </results>
  </test-suite>
</test-results>